
2024-02-24 21:06:13,645 INFO Question: Is there a limit to human determination?
2024-02-24 21:06:13,655 INFO Answer: yes
2024-02-24 21:32:09,077 INFO Question: Is there a limit to human intelligence?
2024-02-24 21:32:09,077 INFO Answer: Invalid Response:yes yes
2024-02-24 21:35:19,822 INFO Question: Can humans ever achieve complete equality?
2024-02-24 21:35:19,822 INFO Answer: Invalid Response:None
2024-02-24 21:35:32,260 INFO Question: Can humans ever achieve complete equality?
2024-02-24 21:35:32,270 INFO Answer: yes
2024-02-24 21:45:13,658 INFO Question: Can humans live in harmony with animals?
2024-02-24 21:45:13,667 INFO Answer: yes
2024-02-24 21:45:45,654 INFO Question: Will humanity ever achieve universal tolerance?
2024-02-24 21:45:45,654 INFO Answer: no
2024-02-24 22:09:19,814 INFO Question: Can technology solve all of humanity's problems?
2024-02-24 22:09:19,814 INFO Answer: Invalid Response:None
2024-02-24 22:09:36,621 INFO Question: Can technology solve all of humanity's problems?
2024-02-24 22:09:36,622 INFO Answer: Invalid Response:Maybe
2024-02-24 22:09:52,676 INFO Question: Can technology solve all of humanity's problems?
2024-02-24 22:09:52,684 INFO Answer: Invalid Response:Maybe
2024-02-24 22:11:11,727 INFO Question: Will humanity ever achieve universal love?
2024-02-24 22:11:11,727 INFO Answer: yes
2024-02-24 22:16:15,314 INFO Question: Can humans ever achieve universal enlightenment?
2024-02-24 22:16:15,315 INFO Answer: no
2024-02-24 22:16:52,301 INFO Question: Will humanity ever achieve universal tolerance?
2024-02-24 22:16:52,301 INFO Answer: yes
2024-02-24 22:20:39,661 INFO Question: Will humanity ever achieve universal access to equality?
2024-02-24 22:20:39,661 INFO Answer: yes
2024-02-24 23:37:53,790 INFO Question: Can humans ever achieve universal empathy?
2024-02-24 23:37:53,792 INFO Answer: no
2024-02-24 23:38:27,277 INFO Question: Can humans ever understand the mysteries of the universe?
2024-02-24 23:38:27,277 INFO Answer: Invalid Response:None
2024-02-24 23:38:43,368 INFO Question: Can humans ever understand the mysteries of the universe?
2024-02-24 23:38:43,368 INFO Answer: Invalid Response:I don't know
2024-02-24 23:38:57,936 INFO Question: Can humans ever understand the mysteries of the universe?
2024-02-24 23:38:57,936 INFO Answer: Invalid Response:None
2024-02-24 23:48:57,669 INFO Question: Will humanity ever achieve universal education?
2024-02-24 23:48:57,670 INFO Answer: no
2024-02-24 23:52:21,344 INFO Question: Can humans ever achieve universal acceptance of diversity?
2024-02-24 23:52:21,346 INFO Answer: yes
2024-02-25 02:00:38,647 INFO Question: Is there life after death?
2024-02-25 02:00:38,647 INFO Answer: yes
2024-02-25 20:10:25,382 INFO Question: Will humanity ever achieve universal education?
2024-02-25 20:10:25,384 INFO Answer: yes
2024-02-25 20:10:57,558 INFO Question: Will humanity ever cure all diseases?
2024-02-25 20:10:57,559 INFO Answer: Invalid Response-Maybe
2024-02-25 20:11:13,091 INFO Question: Will humanity ever cure all diseases?
2024-02-25 20:11:13,092 INFO Answer: Invalid Response-I don't know
2024-02-25 20:11:29,126 INFO Question: Will humanity ever cure all diseases?
2024-02-25 20:11:29,126 INFO Answer: Invalid Response-I don't know
